#
# There is insufficient memory for the Java Runtime Environment to continue.
# Native memory allocation (malloc) failed to allocate 341776 bytes for Chunk::new
# Possible reasons:
#   The system is out of physical RAM or swap space
#   The process is running with CompressedOops enabled, and the Java Heap may be blocking the growth of the native heap
# Possible solutions:
#   Reduce memory load on the system
#   Increase physical memory or swap space
#   Check if swap backing store is full
#   Decrease Java heap size (-Xmx/-Xms)
#   Decrease number of Java threads
#   Decrease Java thread stack sizes (-Xss)
#   Set larger code cache with -XX:ReservedCodeCacheSize=
#   JVM is running with Zero Based Compressed Oops mode in which the Java heap is
#     placed in the first 32GB address space. The Java Heap base address is the
#     maximum limit for the native heap growth. Please use -XX:HeapBaseMinAddress
#     to set the Java Heap base and to place the Java Heap above 32GB virtual address.
# This output file may be truncated or incomplete.
#
#  Out of Memory Error (./open/src/hotspot/share/memory/arena.cpp:197), pid=9380, tid=9316
#
# JRE version: Java(TM) SE Runtime Environment 18.9 (11.0.20+9) (build 11.0.20+9-LTS-256)
# Java VM: Java HotSpot(TM) 64-Bit Server VM 18.9 (11.0.20+9-LTS-256, mixed mode, tiered, compressed oops, g1 gc, windows-amd64)
# No core dump will be written. Minidumps are not enabled by default on client versions of Windows
#

---------------  S U M M A R Y ------------

Command Line: --add-opens=java.base/java.util=ALL-UNNAMED --add-opens=java.base/java.lang=ALL-UNNAMED --add-opens=java.base/java.lang.invoke=ALL-UNNAMED --add-opens=java.base/java.util=ALL-UNNAMED --add-opens=java.prefs/java.util.prefs=ALL-UNNAMED --add-opens=java.prefs/java.util.prefs=ALL-UNNAMED --add-opens=java.base/java.nio.charset=ALL-UNNAMED --add-opens=java.base/java.net=ALL-UNNAMED --add-opens=java.base/java.util.concurrent.atomic=ALL-UNNAMED -Xmx6g -Dfile.encoding=utf8 -Duser.country=US -Duser.language=en -Duser.variant org.gradle.launcher.daemon.bootstrap.GradleDaemon 7.5.1

Host: Intel(R) Core(TM) i5-8350U CPU @ 1.70GHz, 8 cores, 7G,  Windows 11 , 64 bit Build 22621 (10.0.22621.3374)
Time: Sat May 11 01:55:24 2024 Pakistan Standard Time elapsed time: 21.529993 seconds (0d 0h 0m 21s)

---------------  T H R E A D  ---------------

Current thread (0x000001e2628cf000):  JavaThread "C2 CompilerThread0" daemon [_thread_in_native, id=9316, stack(0x000000a2df700000,0x000000a2df800000)]


Current CompileTask:
C2:  21530 2105       4       java.io.DataOutputStream::writeShort (35 bytes)

Stack: [0x000000a2df700000,0x000000a2df800000]
Native frames: (J=compiled Java code, j=interpreted, Vv=VM code, C=native code)
V  [jvm.dll+0x6602ba]
V  [jvm.dll+0x7a32af]
V  [jvm.dll+0x7a4979]
V  [jvm.dll+0x7a5013]
V  [jvm.dll+0x258ef5]
V  [jvm.dll+0xb2a0c]
V  [jvm.dll+0xb2fcc]
V  [jvm.dll+0x367691]
V  [jvm.dll+0x330365]
V  [jvm.dll+0x32f74a]
V  [jvm.dll+0x211bfd]
V  [jvm.dll+0x210bc8]
V  [jvm.dll+0x18cdb1]
V  [jvm.dll+0x220e59]
V  [jvm.dll+0x21f17c]
V  [jvm.dll+0x767061]
V  [jvm.dll+0x75f8e4]
V  [jvm.dll+0x65f165]
C  [ucrtbase.dll+0x29333]
C  [KERNEL32.DLL+0x1257d]
C  [ntdll.dll+0x5aa48]


---------------  P R O C E S S  ---------------

Threads class SMR info:
_java_thread_list=0x000001e265a34960, length=23, elements={
0x000001e2386a3000, 0x000001e26286c800, 0x000001e26286f800, 0x000001e2628c8800,
0x000001e2628c9800, 0x000001e2628cb000, 0x000001e2628cf000, 0x000001e2628d0800,
0x000001e26293c000, 0x000001e262a43000, 0x000001e264b3c000, 0x000001e264cb2000,
0x000001e264f9a800, 0x000001e264e95000, 0x000001e263c95800, 0x000001e264045000,
0x000001e263fdc800, 0x000001e265a65800, 0x000001e2644b9800, 0x000001e263b1e800,
0x000001e263b1d000, 0x000001e263b1c000, 0x000001e263b1f000
}

Java Threads: ( => current thread )
  0x000001e2386a3000 JavaThread "main" [_thread_blocked, id=16916, stack(0x000000a2deb00000,0x000000a2dec00000)]
  0x000001e26286c800 JavaThread "Reference Handler" daemon [_thread_blocked, id=6036, stack(0x000000a2df200000,0x000000a2df300000)]
  0x000001e26286f800 JavaThread "Finalizer" daemon [_thread_blocked, id=11088, stack(0x000000a2df300000,0x000000a2df400000)]
  0x000001e2628c8800 JavaThread "Signal Dispatcher" daemon [_thread_blocked, id=8, stack(0x000000a2df400000,0x000000a2df500000)]
  0x000001e2628c9800 JavaThread "Attach Listener" daemon [_thread_blocked, id=13868, stack(0x000000a2df500000,0x000000a2df600000)]
  0x000001e2628cb000 JavaThread "Service Thread" daemon [_thread_blocked, id=17132, stack(0x000000a2df600000,0x000000a2df700000)]
=>0x000001e2628cf000 JavaThread "C2 CompilerThread0" daemon [_thread_in_native, id=9316, stack(0x000000a2df700000,0x000000a2df800000)]
  0x000001e2628d0800 JavaThread "C1 CompilerThread0" daemon [_thread_blocked, id=2544, stack(0x000000a2df800000,0x000000a2df900000)]
  0x000001e26293c000 JavaThread "Sweeper thread" daemon [_thread_blocked, id=10332, stack(0x000000a2df900000,0x000000a2dfa00000)]
  0x000001e262a43000 JavaThread "Common-Cleaner" daemon [_thread_blocked, id=16644, stack(0x000000a2dfa00000,0x000000a2dfb00000)]
  0x000001e264b3c000 JavaThread "Daemon health stats" [_thread_blocked, id=8008, stack(0x000000a2dff00000,0x000000a2e0000000)]
  0x000001e264cb2000 JavaThread "Incoming local TCP Connector on port 49188" [_thread_in_native, id=16300, stack(0x000000a2dfe00000,0x000000a2dff00000)]
  0x000001e264f9a800 JavaThread "Daemon periodic checks" [_thread_blocked, id=6992, stack(0x000000a2e0000000,0x000000a2e0100000)]
  0x000001e264e95000 JavaThread "Daemon" [_thread_blocked, id=4996, stack(0x000000a2e0100000,0x000000a2e0200000)]
  0x000001e263c95800 JavaThread "Handler for socket connection from /127.0.0.1:49188 to /127.0.0.1:49189" [_thread_in_native, id=4972, stack(0x000000a2e0200000,0x000000a2e0300000)]
  0x000001e264045000 JavaThread "Cancel handler" [_thread_blocked, id=2752, stack(0x000000a2e0300000,0x000000a2e0400000)]
  0x000001e263fdc800 JavaThread "Daemon worker" [_thread_blocked, id=12708, stack(0x000000a2e0400000,0x000000a2e0500000)]
  0x000001e265a65800 JavaThread "Asynchronous log dispatcher for DefaultDaemonConnection: socket connection from /127.0.0.1:49188 to /127.0.0.1:49189" [_thread_blocked, id=1632, stack(0x000000a2e0500000,0x000000a2e0600000)]
  0x000001e2644b9800 JavaThread "Stdin handler" [_thread_blocked, id=1828, stack(0x000000a2e0600000,0x000000a2e0700000)]
  0x000001e263b1e800 JavaThread "Daemon client event forwarder" [_thread_blocked, id=8036, stack(0x000000a2e0700000,0x000000a2e0800000)]
  0x000001e263b1d000 JavaThread "Cache worker for journal cache (C:\Users\HP Notebook\.gradle\caches\journal-1)" [_thread_blocked, id=10764, stack(0x000000a2e0f00000,0x000000a2e1000000)]
  0x000001e263b1c000 JavaThread "File lock request listener" [_thread_in_native, id=10796, stack(0x000000a2e1000000,0x000000a2e1100000)]
  0x000001e263b1f000 JavaThread "Cache worker for file hash cache (C:\Users\HP Notebook\.gradle\caches\7.5.1\fileHashes)" [_thread_blocked, id=6492, stack(0x000000a2e1200000,0x000000a2e1300000)]

Other Threads:
  0x000001e262846800 VMThread "VM Thread" [stack: 0x000000a2df100000,0x000000a2df200000] [id=15552]
  0x000001e262a52000 WatcherThread [stack: 0x000000a2dfb00000,0x000000a2dfc00000] [id=16188]
  0x000001e2386ba800 GCTaskThread "GC Thread#0" [stack: 0x000000a2dec00000,0x000000a2ded00000] [id=2916]
  0x000001e263c5d800 GCTaskThread "GC Thread#1" [stack: 0x000000a2dfc00000,0x000000a2dfd00000] [id=10412]
  0x000001e263c5e800 GCTaskThread "GC Thread#2" [stack: 0x000000a2dfd00000,0x000000a2dfe00000] [id=3948]
  0x000001e263feb800 GCTaskThread "GC Thread#3" [stack: 0x000000a2e0800000,0x000000a2e0900000] [id=9704]
  0x000001e263e6d000 GCTaskThread "GC Thread#4" [stack: 0x000000a2e0900000,0x000000a2e0a00000] [id=10820]
  0x000001e2644a4800 GCTaskThread "GC Thread#5" [stack: 0x000000a2e0a00000,0x000000a2e0b00000] [id=10052]
  0x000001e264cce000 GCTaskThread "GC Thread#6" [stack: 0x000000a2e0b00000,0x000000a2e0c00000] [id=3264]
  0x000001e264ccf000 GCTaskThread "GC Thread#7" [stack: 0x000000a2e0c00000,0x000000a2e0d00000] [id=7472]
  0x000001e238743000 ConcurrentGCThread "G1 Main Marker" [stack: 0x000000a2ded00000,0x000000a2dee00000] [id=15400]
  0x000001e238744000 ConcurrentGCThread "G1 Conc#0" [stack: 0x000000a2dee00000,0x000000a2def00000] [id=16472]
  0x000001e2643df000 ConcurrentGCThread "G1 Conc#1" [stack: 0x000000a2e1100000,0x000000a2e1200000] [id=10096]
  0x000001e261ea7800 ConcurrentGCThread "G1 Refine#0" [stack: 0x000000a2def00000,0x000000a2df000000] [id=16760]
  0x000001e263b00800 ConcurrentGCThread "G1 Refine#1" [stack: 0x000000a2e0d00000,0x000000a2e0e00000] [id=9360]
  0x000001e263e5d000 ConcurrentGCThread "G1 Refine#2" [stack: 0x000000a2e0e00000,0x000000a2e0f00000] [id=11764]
  0x000001e261ea8800 ConcurrentGCThread "G1 Young RemSet Sampling" [stack: 0x000000a2df000000,0x000000a2df100000] [id=5564]

Threads with active compile tasks:
C2 CompilerThread0    21618 2105       4       java.io.DataOutputStream::writeShort (35 bytes)

VM state:at safepoint (normal execution)

VM Mutex/Monitor currently owned by a thread:  ([mutex/lock_event])
[0x000001e23869fac0] Threads_lock - owner thread: 0x000001e262846800
[0x000001e23869fa30] Heap_lock - owner thread: 0x000001e263fdc800

Heap address: 0x0000000680000000, size: 6144 MB, Compressed Oops mode: Zero based, Oop shift amount: 3
Narrow klass base: 0x0000000800000000, Narrow klass shift: 0
Compressed class space size: 1073741824 Address: 0x0000000800000000

Heap:
 garbage-first heap   total 129024K, used 18310K [0x0000000680000000, 0x0000000800000000)
  region size 1024K, 1 young (1024K), 1 survivors (1024K)
 Metaspace       used 21152K, capacity 21545K, committed 21680K, reserved 1077248K
  class space    used 2582K, capacity 2756K, committed 2816K, reserved 1048576K
Heap Regions: E=young(eden), S=young(survivor), O=old, HS=humongous(starts), HC=humongous(continues), CS=collection set, F=free, A=archive, TAMS=top-at-mark-start (previous, next)
|   0|0x0000000680000000, 0x0000000680100000, 0x0000000680100000|100%| O|  |TAMS 0x0000000680100000, 0x0000000680100000| Untracked 
|   1|0x0000000680100000, 0x0000000680200000, 0x0000000680200000|100%| O|  |TAMS 0x0000000680200000, 0x0000000680200000| Untracked 
|   2|0x0000000680200000, 0x0000000680300000, 0x0000000680300000|100%| O|  |TAMS 0x0000000680300000, 0x0000000680300000| Untracked 
|   3|0x0000000680300000, 0x0000000680400000, 0x0000000680400000|100%|HS|  |TAMS 0x0000000680400000, 0x0000000680400000| Complete 
|   4|0x0000000680400000, 0x0000000680500000, 0x0000000680500000|100%|HC|  |TAMS 0x0000000680500000, 0x0000000680500000| Complete 
|   5|0x0000000680500000, 0x0000000680600000, 0x0000000680600000|100%|HC|  |TAMS 0x0000000680600000, 0x0000000680600000| Complete 
|   6|0x0000000680600000, 0x0000000680700000, 0x0000000680700000|100%| O|  |TAMS 0x0000000680700000, 0x0000000680700000| Untracked 
|   7|0x0000000680700000, 0x0000000680800000, 0x0000000680800000|100%| O|  |TAMS 0x0000000680800000, 0x0000000680800000| Untracked 
|   8|0x0000000680800000, 0x0000000680900000, 0x0000000680900000|100%| O|  |TAMS 0x0000000680900000, 0x0000000680900000| Untracked 
|   9|0x0000000680900000, 0x0000000680a00000, 0x0000000680a00000|100%| O|  |TAMS 0x0000000680a00000, 0x0000000680a00000| Untracked 
|  10|0x0000000680a00000, 0x0000000680b00000, 0x0000000680b00000|100%| O|  |TAMS 0x0000000680b00000, 0x0000000680b00000| Untracked 
|  11|0x0000000680b00000, 0x0000000680c00000, 0x0000000680c00000|100%| O|  |TAMS 0x0000000680c00000, 0x0000000680c00000| Untracked 
|  12|0x0000000680c00000, 0x0000000680d00000, 0x0000000680d00000|100%| O|  |TAMS 0x0000000680d00000, 0x0000000680d00000| Untracked 
|  13|0x0000000680d00000, 0x0000000680e00000, 0x0000000680e00000|100%| O|  |TAMS 0x0000000680e00000, 0x0000000680e00000| Untracked 
|  14|0x0000000680e00000, 0x0000000680f00000, 0x0000000680f00000|100%| O|  |TAMS 0x0000000680f00000, 0x0000000680f00000| Untracked 
|  15|0x0000000680f00000, 0x0000000681000000, 0x0000000681000000|100%| O|  |TAMS 0x0000000681000000, 0x0000000681000000| Untracked 
|  16|0x0000000681000000, 0x00000006810ee800, 0x0000000681100000| 93%| O|  |TAMS 0x00000006810ee800, 0x00000006810ee800| Untracked 
|  17|0x0000000681100000, 0x0000000681100000, 0x0000000681200000|  0%| F|  |TAMS 0x0000000681100000, 0x0000000681100000| Untracked 
|  18|0x0000000681200000, 0x0000000681200000, 0x0000000681300000|  0%| F|  |TAMS 0x0000000681200000, 0x0000000681200000| Untracked 
|  19|0x0000000681300000, 0x0000000681300000, 0x0000000681400000|  0%| F|  |TAMS 0x0000000681300000, 0x0000000681300000| Untracked 
|  20|0x0000000681400000, 0x0000000681400000, 0x0000000681500000|  0%| F|  |TAMS 0x0000000681400000, 0x0000000681400000| Untracked 
|  21|0x0000000681500000, 0x0000000681500000, 0x0000000681600000|  0%| F|  |TAMS 0x0000000681500000, 0x0000000681500000| Untracked 
|  22|0x0000000681600000, 0x0000000681600000, 0x0000000681700000|  0%| F|  |TAMS 0x0000000681600000, 0x0000000681600000| Untracked 
|  23|0x0000000681700000, 0x0000000681700000, 0x0000000681800000|  0%| F|  |TAMS 0x0000000681700000, 0x0000000681700000| Untracked 
|  24|0x0000000681800000, 0x0000000681800000, 0x0000000681900000|  0%| F|  |TAMS 0x0000000681800000, 0x0000000681800000| Untracked 
|  25|0x0000000681900000, 0x0000000681900000, 0x0000000681a00000|  0%| F|  |TAMS 0x0000000681900000, 0x0000000681900000| Untracked 
|  26|0x0000000681a00000, 0x0000000681a00000, 0x0000000681b00000|  0%| F|  |TAMS 0x0000000681a00000, 0x0000000681a00000| Untracked 
|  27|0x0000000681b00000, 0x0000000681b00000, 0x0000000681c00000|  0%| F|  |TAMS 0x0000000681b00000, 0x0000000681b00000| Untracked 
|  28|0x0000000681c00000, 0x0000000681c00000, 0x0000000681d00000|  0%| F|  |TAMS 0x0000000681c00000, 0x0000000681c00000| Untracked 
|  29|0x0000000681d00000, 0x0000000681d00000, 0x0000000681e00000|  0%| F|  |TAMS 0x0000000681d00000, 0x0000000681d00000| Untracked 
|  30|0x0000000681e00000, 0x0000000681e00000, 0x0000000681f00000|  0%| F|  |TAMS 0x0000000681e00000, 0x0000000681e00000| Untracked 
|  31|0x0000000681f00000, 0x0000000681f00000, 0x0000000682000000|  0%| F|  |TAMS 0x0000000681f00000, 0x0000000681f00000| Untracked 
|  32|0x0000000682000000, 0x0000000682000000, 0x0000000682100000|  0%| F|  |TAMS 0x0000000682000000, 0x0000000682000000| Untracked 
|  33|0x0000000682100000, 0x0000000682100000, 0x0000000682200000|  0%| F|  |TAMS 0x0000000682100000, 0x0000000682100000| Untracked 
|  34|0x0000000682200000, 0x0000000682200000, 0x0000000682300000|  0%| F|  |TAMS 0x0000000682200000, 0x0000000682200000| Untracked 
|  35|0x0000000682300000, 0x0000000682300000, 0x0000000682400000|  0%| F|  |TAMS 0x0000000682300000, 0x0000000682300000| Untracked 
|  36|0x0000000682400000, 0x0000000682400000, 0x0000000682500000|  0%| F|  |TAMS 0x0000000682400000, 0x0000000682400000| Untracked 
|  37|0x0000000682500000, 0x0000000682500000, 0x0000000682600000|  0%| F|  |TAMS 0x0000000682500000, 0x0000000682500000| Untracked 
|  38|0x0000000682600000, 0x0000000682600000, 0x0000000682700000|  0%| F|  |TAMS 0x0000000682600000, 0x0000000682600000| Untracked 
|  39|0x0000000682700000, 0x0000000682700000, 0x0000000682800000|  0%| F|  |TAMS 0x0000000682700000, 0x0000000682700000| Untracked 
|  40|0x0000000682800000, 0x0000000682800000, 0x0000000682900000|  0%| F|  |TAMS 0x0000000682800000, 0x0000000682800000| Untracked 
|  41|0x0000000682900000, 0x0000000682900000, 0x0000000682a00000|  0%| F|  |TAMS 0x0000000682900000, 0x0000000682900000| Untracked 
|  42|0x0000000682a00000, 0x0000000682a00000, 0x0000000682b00000|  0%| F|  |TAMS 0x0000000682a00000, 0x0000000682a00000| Untracked 
|  43|0x0000000682b00000, 0x0000000682b00000, 0x0000000682c00000|  0%| F|  |TAMS 0x0000000682b00000, 0x0000000682b00000| Untracked 
|  44|0x0000000682c00000, 0x0000000682c00000, 0x0000000682d00000|  0%| F|  |TAMS 0x0000000682c00000, 0x0000000682c00000| Untracked 
|  45|0x0000000682d00000, 0x0000000682d00000, 0x0000000682e00000|  0%| F|  |TAMS 0x0000000682d00000, 0x0000000682d00000| Untracked 
|  46|0x0000000682e00000, 0x0000000682e00000, 0x0000000682f00000|  0%| F|  |TAMS 0x0000000682e00000, 0x0000000682e00000| Untracked 
|  47|0x0000000682f00000, 0x0000000682f00000, 0x0000000683000000|  0%| F|  |TAMS 0x0000000682f00000, 0x0000000682f00000| Untracked 
|  48|0x0000000683000000, 0x0000000683000000, 0x0000000683100000|  0%| F|  |TAMS 0x0000000683000000, 0x0000000683000000| Untracked 
|  49|0x0000000683100000, 0x0000000683100000, 0x0000000683200000|  0%| F|  |TAMS 0x0000000683100000, 0x0000000683100000| Untracked 
|  50|0x0000000683200000, 0x0000000683200000, 0x0000000683300000|  0%| F|  |TAMS 0x0000000683200000, 0x0000000683200000| Untracked 
|  51|0x0000000683300000, 0x0000000683300000, 0x0000000683400000|  0%| F|  |TAMS 0x0000000683300000, 0x0000000683300000| Untracked 
|  52|0x0000000683400000, 0x0000000683400000, 0x0000000683500000|  0%| F|  |TAMS 0x0000000683400000, 0x0000000683400000| Untracked 
|  53|0x0000000683500000, 0x0000000683500000, 0x0000000683600000|  0%| F|  |TAMS 0x0000000683500000, 0x0000000683500000| Untracked 
|  54|0x0000000683600000, 0x0000000683600000, 0x0000000683700000|  0%| F|  |TAMS 0x0000000683600000, 0x0000000683600000| Untracked 
|  55|0x0000000683700000, 0x0000000683700000, 0x0000000683800000|  0%| F|  |TAMS 0x0000000683700000, 0x0000000683700000| Untracked 
|  56|0x0000000683800000, 0x0000000683800000, 0x0000000683900000|  0%| F|  |TAMS 0x0000000683800000, 0x0000000683800000| Untracked 
|  57|0x0000000683900000, 0x0000000683900000, 0x0000000683a00000|  0%| F|  |TAMS 0x0000000683900000, 0x0000000683900000| Untracked 
|  58|0x0000000683a00000, 0x0000000683a00000, 0x0000000683b00000|  0%| F|  |TAMS 0x0000000683a00000, 0x0000000683a00000| Untracked 
|  59|0x0000000683b00000, 0x0000000683b00000, 0x0000000683c00000|  0%| F|  |TAMS 0x0000000683b00000, 0x0000000683b00000| Untracked 
|  60|0x0000000683c00000, 0x0000000683c00000, 0x0000000683d00000|  0%| F|  |TAMS 0x0000000683c00000, 0x0000000683c00000| Untracked 
|  61|0x0000000683d00000, 0x0000000683d00000, 0x0000000683e00000|  0%| F|  |TAMS 0x0000000683d00000, 0x0000000683d00000| Untracked 
|  62|0x0000000683e00000, 0x0000000683e00000, 0x0000000683f00000|  0%| F|  |TAMS 0x0000000683e00000, 0x0000000683e00000| Untracked 
|  63|0x0000000683f00000, 0x0000000683f00000, 0x0000000684000000|  0%| F|  |TAMS 0x0000000683f00000, 0x0000000683f00000| Untracked 
|  64|0x0000000684000000, 0x0000000684000000, 0x0000000684100000|  0%| F|  |TAMS 0x0000000684000000, 0x0000000684000000| Untracked 
|  65|0x0000000684100000, 0x0000000684100000, 0x0000000684200000|  0%| F|  |TAMS 0x0000000684100000, 0x0000000684100000| Untracked 
|  66|0x0000000684200000, 0x0000000684200000, 0x0000000684300000|  0%| F|  |TAMS 0x0000000684200000, 0x0000000684200000| Untracked 
|  67|0x0000000684300000, 0x0000000684300000, 0x0000000684400000|  0%| F|  |TAMS 0x0000000684300000, 0x0000000684300000| Untracked 
|  68|0x0000000684400000, 0x0000000684400000, 0x0000000684500000|  0%| F|  |TAMS 0x0000000684400000, 0x0000000684400000| Untracked 
|  69|0x0000000684500000, 0x0000000684500000, 0x0000000684600000|  0%| F|  |TAMS 0x0000000684500000, 0x0000000684500000| Untracked 
|  70|0x0000000684600000, 0x0000000684600000, 0x0000000684700000|  0%| F|  |TAMS 0x0000000684600000, 0x0000000684600000| Untracked 
|  71|0x0000000684700000, 0x0000000684700000, 0x0000000684800000|  0%| F|  |TAMS 0x0000000684700000, 0x0000000684700000| Untracked 
|  72|0x0000000684800000, 0x0000000684800000, 0x0000000684900000|  0%| F|  |TAMS 0x0000000684800000, 0x0000000684800000| Untracked 
|  73|0x0000000684900000, 0x0000000684900000, 0x0000000684a00000|  0%| F|  |TAMS 0x0000000684900000, 0x0000000684900000| Untracked 
|  74|0x0000000684a00000, 0x0000000684a00000, 0x0000000684b00000|  0%| F|  |TAMS 0x0000000684a00000, 0x0000000684a00000| Untracked 
|  75|0x0000000684b00000, 0x0000000684b00000, 0x0000000684c00000|  0%| F|  |TAMS 0x0000000684b00000, 0x0000000684b00000| Untracked 
|  76|0x0000000684c00000, 0x0000000684c00000, 0x0000000684d00000|  0%| F|  |TAMS 0x0000000684c00000, 0x0000000684c00000| Untracked 
|  77|0x0000000684d00000, 0x0000000684d00000, 0x0000000684e00000|  0%| F|  |TAMS 0x0000000684d00000, 0x0000000684d00000| Untracked 
|  78|0x0000000684e00000, 0x0000000684e00000, 0x0000000684f00000|  0%| F|  |TAMS 0x0000000684e00000, 0x0000000684e00000| Untracked 
|  79|0x0000000684f00000, 0x0000000684f00000, 0x0000000685000000|  0%| F|  |TAMS 0x0000000684f00000, 0x0000000684f00000| Untracked 
|  80|0x0000000685000000, 0x0000000685000000, 0x0000000685100000|  0%| F|  |TAMS 0x0000000685000000, 0x0000000685000000| Untracked 
|  81|0x0000000685100000, 0x0000000685100000, 0x0000000685200000|  0%| F|  |TAMS 0x0000000685100000, 0x0000000685100000| Untracked 
|  82|0x0000000685200000, 0x0000000685200000, 0x0000000685300000|  0%| F|  |TAMS 0x0000000685200000, 0x0000000685200000| Untracked 
|  83|0x0000000685300000, 0x0000000685300000, 0x0000000685400000|  0%| F|  |TAMS 0x0000000685300000, 0x0000000685300000| Untracked 
|  84|0x0000000685400000, 0x0000000685400000, 0x0000000685500000|  0%| F|  |TAMS 0x0000000685400000, 0x0000000685400000| Untracked 
|  85|0x0000000685500000, 0x0000000685500000, 0x0000000685600000|  0%| F|  |TAMS 0x0000000685500000, 0x0000000685500000| Untracked 
|  86|0x0000000685600000, 0x0000000685600000, 0x0000000685700000|  0%| F|  |TAMS 0x0000000685600000, 0x0000000685600000| Untracked 
|  87|0x0000000685700000, 0x0000000685700000, 0x0000000685800000|  0%| F|  |TAMS 0x0000000685700000, 0x0000000685700000| Untracked 
|  88|0x0000000685800000, 0x0000000685800000, 0x0000000685900000|  0%| F|  |TAMS 0x0000000685800000, 0x0000000685800000| Untracked 
|  89|0x0000000685900000, 0x0000000685900000, 0x0000000685a00000|  0%| F|  |TAMS 0x0000000685900000, 0x0000000685900000| Untracked 
|  90|0x0000000685a00000, 0x0000000685a00000, 0x0000000685b00000|  0%| F|  |TAMS 0x0000000685a00000, 0x0000000685a00000| Untracked 
|  91|0x0000000685b00000, 0x0000000685b00000, 0x0000000685c00000|  0%| F|  |TAMS 0x0000000685b00000, 0x0000000685b00000| Untracked 
|  92|0x0000000685c00000, 0x0000000685c00000, 0x0000000685d00000|  0%| F|  |TAMS 0x0000000685c00000, 0x0000000685c00000| Untracked 
|  93|0x0000000685d00000, 0x0000000685d00000, 0x0000000685e00000|  0%| F|  |TAMS 0x0000000685d00000, 0x0000000685d00000| Untracked 
|  94|0x0000000685e00000, 0x0000000685e00000, 0x0000000685f00000|  0%| F|  |TAMS 0x0000000685e00000, 0x0000000685e00000| Untracked 
|  95|0x0000000685f00000, 0x0000000685f00000, 0x0000000686000000|  0%| F|  |TAMS 0x0000000685f00000, 0x0000000685f00000| Untracked 
|  96|0x0000000686000000, 0x0000000686000000, 0x0000000686100000|  0%| F|  |TAMS 0x0000000686000000, 0x0000000686000000| Untracked 
|  97|0x0000000686100000, 0x0000000686100000, 0x0000000686200000|  0%| F|  |TAMS 0x0000000686100000, 0x0000000686100000| Untracked 
|  98|0x0000000686200000, 0x0000000686200000, 0x0000000686300000|  0%| F|  |TAMS 0x0000000686200000, 0x0000000686200000| Untracked 
|  99|0x0000000686300000, 0x0000000686300000, 0x0000000686400000|  0%| F|  |TAMS 0x0000000686300000, 0x0000000686300000| Untracked 
| 100|0x0000000686400000, 0x0000000686400000, 0x0000000686500000|  0%| F|  |TAMS 0x0000000686400000, 0x0000000686400000| Untracked 
| 101|0x0000000686500000, 0x0000000686500000, 0x0000000686600000|  0%| F|  |TAMS 0x0000000686500000, 0x0000000686500000| Untracked 
| 102|0x0000000686600000, 0x0000000686600000, 0x0000000686700000|  0%| F|  |TAMS 0x0000000686600000, 0x0000000686600000| Untracked 
| 103|0x0000000686700000, 0x0000000686700000, 0x0000000686800000|  0%| F|  |TAMS 0x0000000686700000, 0x0000000686700000| Untracked 
| 104|0x0000000686800000, 0x0000000686800000, 0x0000000686900000|  0%| F|  |TAMS 0x0000000686800000, 0x0000000686800000| Untracked 
| 105|0x0000000686900000, 0x0000000686900000, 0x0000000686a00000|  0%| F|  |TAMS 0x0000000686900000, 0x0000000686900000| Untracked 
| 106|0x0000000686a00000, 0x0000000686a00000, 0x0000000686b00000|  0%| F|  |TAMS 0x0000000686a00000, 0x0000000686a00000| Untracked 
| 107|0x0000000686b00000, 0x0000000686b00000, 0x0000000686c00000|  0%| F|  |TAMS 0x0000000686b00000, 0x0000000686b00000| Untracked 
| 108|0x0000000686c00000, 0x0000000686c00000, 0x0000000686d00000|  0%| F|  |TAMS 0x0000000686c00000, 0x0000000686c00000| Untracked 
| 109|0x0000000686d00000, 0x0000000686d00000, 0x0000000686e00000|  0%| F|  |TAMS 0x0000000686d00000, 0x0000000686d00000| Untracked 
| 110|0x0000000686e00000, 0x0000000686e00000, 0x0000000686f00000|  0%| F|  |TAMS 0x0000000686e00000, 0x0000000686e00000| Untracked 
| 111|0x0000000686f00000, 0x0000000686f00000, 0x0000000687000000|  0%| F|  |TAMS 0x0000000686f00000, 0x0000000686f00000| Untracked 
| 112|0x0000000687000000, 0x0000000687000000, 0x0000000687100000|  0%| F|  |TAMS 0x0000000687000000, 0x0000000687000000| Untracked 
| 113|0x0000000687100000, 0x0000000687100000, 0x0000000687200000|  0%| F|  |TAMS 0x0000000687100000, 0x0000000687100000| Untracked 
| 114|0x0000000687200000, 0x0000000687200000, 0x0000000687300000|  0%| F|  |TAMS 0x0000000687200000, 0x0000000687200000| Untracked 
| 115|0x0000000687300000, 0x0000000687300000, 0x0000000687400000|  0%| F|  |TAMS 0x0000000687300000, 0x0000000687300000| Untracked 
| 116|0x0000000687400000, 0x0000000687400000, 0x0000000687500000|  0%| F|  |TAMS 0x0000000687400000, 0x0000000687400000| Untracked 
| 117|0x0000000687500000, 0x0000000687500000, 0x0000000687600000|  0%| F|  |TAMS 0x0000000687500000, 0x0000000687500000| Untracked 
| 118|0x0000000687600000, 0x00000006876f3360, 0x0000000687700000| 95%| S|CS|TAMS 0x0000000687600000, 0x0000000687600000| Complete 
| 119|0x0000000687700000, 0x0000000687700000, 0x0000000687800000|  0%| F|  |TAMS 0x0000000687700000, 0x0000000687700000| Untracked 
| 120|0x0000000687800000, 0x0000000687800000, 0x0000000687900000|  0%| F|  |TAMS 0x0000000687800000, 0x0000000687800000| Untracked 
| 121|0x0000000687900000, 0x0000000687900000, 0x0000000687a00000|  0%| F|  |TAMS 0x0000000687900000, 0x0000000687900000| Untracked 
| 122|0x0000000687a00000, 0x0000000687a00000, 0x0000000687b00000|  0%| F|  |TAMS 0x0000000687a00000, 0x0000000687a00000| Untracked 
| 123|0x0000000687b00000, 0x0000000687b00000, 0x0000000687c00000|  0%| F|  |TAMS 0x0000000687b00000, 0x0000000687b00000| Untracked 
| 124|0x0000000687c00000, 0x0000000687c00000, 0x0000000687d00000|  0%| F|  |TAMS 0x0000000687c00000, 0x0000000687c00000| Untracked 
| 125|0x0000000687d00000, 0x0000000687d00000, 0x0000000687e00000|  0%| F|  |TAMS 0x0000000687d00000, 0x0000000687d00000| Untracked 

Card table byte_map: [0x000001e251c10000,0x000001e252810000] _byte_map_base: 0x000001e24e810000

Marking Bits (Prev, Next): (CMBitMap*) 0x000001e238728fe0, (CMBitMap*) 0x000001e238728fa8
 Prev Bits: [0x000001e259410000, 0x000001e25f410000)
 Next Bits: [0x000001e253410000, 0x000001e259410000)

Polling page: 0x000001e238560000

Metaspace:

Usage:
  Non-class:     18.35 MB capacity,    18.14 MB ( 99%) used,   183.45 KB ( <1%) free+waste,    35.25 KB ( <1%) overhead. 
      Class:      2.69 MB capacity,     2.52 MB ( 94%) used,   156.03 KB (  6%) free+waste,    17.38 KB ( <1%) overhead. 
       Both:     21.04 MB capacity,    20.66 MB ( 98%) used,   339.48 KB (  2%) free+waste,    52.62 KB ( <1%) overhead. 

Virtual space:
  Non-class space:       28.00 MB reserved,      18.42 MB ( 66%) committed 
      Class space:        1.00 GB reserved,       2.75 MB ( <1%) committed 
             Both:        1.03 GB reserved,      21.17 MB (  2%) committed 

Chunk freelists:
   Non-Class:  9.38 KB
       Class:  3.50 KB
        Both:  12.88 KB

CodeHeap 'non-profiled nmethods': size=120000Kb used=1050Kb max_used=1050Kb free=118949Kb
 bounds [0x000001e249060000, 0x000001e2492d0000, 0x000001e250590000]
CodeHeap 'profiled nmethods': size=120000Kb used=4502Kb max_used=4502Kb free=115497Kb
 bounds [0x000001e241b30000, 0x000001e241fa0000, 0x000001e249060000]
CodeHeap 'non-nmethods': size=5760Kb used=1155Kb max_used=1176Kb free=4604Kb
 bounds [0x000001e241590000, 0x000001e241800000, 0x000001e241b30000]
 total_blobs=2597 nmethods=2111 adapters=397
 compilation: enabled
              stopped_count=0, restarted_count=0
 full_count=0

Compilation events (10 events):
Event: 21.515 Thread 0x000001e2628d0800 nmethod 2104 0x000001e249165f90 code [0x000001e249166120, 0x000001e2491661d8]
Event: 21.520 Thread 0x000001e2628d0800 2107       3       java.lang.invoke.VarHandleObjects$FieldInstanceReadWrite::compareAndSet (38 bytes)
Event: 21.521 Thread 0x000001e2628d0800 nmethod 2107 0x000001e241f8b190 code [0x000001e241f8b3e0, 0x000001e241f8bd88]
Event: 21.521 Thread 0x000001e2628d0800 2110       3       org.gradle.internal.service.DefaultServiceRegistry$CompositeServiceProvider::getService (49 bytes)
Event: 21.521 Thread 0x000001e2628d0800 nmethod 2110 0x000001e241f8c110 code [0x000001e241f8c2c0, 0x000001e241f8c5c8]
Event: 21.521 Thread 0x000001e2628d0800 2111       3       org.gradle.internal.service.DefaultServiceRegistry$OwnServices::getService (309 bytes)
Event: 21.526 Thread 0x000001e2628d0800 nmethod 2111 0x000001e241f8c710 code [0x000001e241f8cc60, 0x000001e241f8fe88]
Event: 21.526 Thread 0x000001e2628d0800 2113       3       java.util.regex.Pattern$BmpCharPropertyGreedy::match (89 bytes)
Event: 21.527 Thread 0x000001e2628d0800 nmethod 2113 0x000001e241f90d10 code [0x000001e241f90f00, 0x000001e241f91548]
Event: 21.527 Thread 0x000001e2628d0800 2108       3       org.gradle.internal.service.DefaultServiceRegistry::assertValidServiceType (51 bytes)

GC Heap History (8 events):
Event: 6.476 GC heap before
{Heap before GC invocations=0 (full 0):
 garbage-first heap   total 129024K, used 29696K [0x0000000680000000, 0x0000000800000000)
  region size 1024K, 24 young (24576K), 0 survivors (0K)
 Metaspace       used 9634K, capacity 9839K, committed 10112K, reserved 1058816K
  class space    used 992K, capacity 1069K, committed 1152K, reserved 1048576K
}
Event: 6.602 GC heap after
{Heap after GC invocations=1 (full 0):
 garbage-first heap   total 129024K, used 9387K [0x0000000680000000, 0x0000000800000000)
  region size 1024K, 3 young (3072K), 3 survivors (3072K)
 Metaspace       used 9634K, capacity 9839K, committed 10112K, reserved 1058816K
  class space    used 992K, capacity 1069K, committed 1152K, reserved 1048576K
}
Event: 20.216 GC heap before
{Heap before GC invocations=1 (full 0):
 garbage-first heap   total 129024K, used 84139K [0x0000000680000000, 0x0000000800000000)
  region size 1024K, 75 young (76800K), 3 survivors (3072K)
 Metaspace       used 18003K, capacity 18392K, committed 18688K, reserved 1064960K
  class space    used 2103K, capacity 2242K, committed 2304K, reserved 1048576K
}
Event: 20.262 GC heap after
{Heap after GC invocations=2 (full 0):
 garbage-first heap   total 129024K, used 17367K [0x0000000680000000, 0x0000000800000000)
  region size 1024K, 10 young (10240K), 10 survivors (10240K)
 Metaspace       used 18003K, capacity 18392K, committed 18688K, reserved 1064960K
  class space    used 2103K, capacity 2242K, committed 2304K, reserved 1048576K
}
Event: 20.903 GC heap before
{Heap before GC invocations=2 (full 0):
 garbage-first heap   total 129024K, used 27607K [0x0000000680000000, 0x0000000800000000)
  region size 1024K, 20 young (20480K), 10 survivors (10240K)
 Metaspace       used 19509K, capacity 19906K, committed 20224K, reserved 1067008K
  class space    used 2308K, capacity 2450K, committed 2560K, reserved 1048576K
}
Event: 20.911 GC heap after
{Heap after GC invocations=3 (full 0):
 garbage-first heap   total 129024K, used 17999K [0x0000000680000000, 0x0000000800000000)
  region size 1024K, 1 young (1024K), 1 survivors (1024K)
 Metaspace       used 19509K, capacity 19906K, committed 20224K, reserved 1067008K
  class space    used 2308K, capacity 2450K, committed 2560K, reserved 1048576K
}
Event: 21.378 GC heap before
{Heap before GC invocations=3 (full 0):
 garbage-first heap   total 129024K, used 28239K [0x0000000680000000, 0x0000000800000000)
  region size 1024K, 12 young (12288K), 1 survivors (1024K)
 Metaspace       used 20773K, capacity 21175K, committed 21296K, reserved 1069056K
  class space    used 2505K, capacity 2655K, committed 2688K, reserved 1048576K
}
Event: 21.381 GC heap after
{Heap after GC invocations=4 (full 0):
 garbage-first heap   total 129024K, used 18045K [0x0000000680000000, 0x0000000800000000)
  region size 1024K, 1 young (1024K), 1 survivors (1024K)
 Metaspace       used 20773K, capacity 21175K, committed 21296K, reserved 1069056K
  class space    used 2505K, capacity 2655K, committed 2688K, reserved 1048576K
}

Deoptimization events (10 events):
Event: 19.367 Thread 0x000001e264cb2000 Uncommon trap: reason=bimorphic_or_optimized_type_check action=maybe_recompile pc=0x000001e2490dda44 method=java.util.AbstractList$Itr.next()Ljava/lang/Object; @ 14 c2
Event: 20.371 Thread 0x000001e263fdc800 Uncommon trap: reason=class_check action=maybe_recompile pc=0x000001e249078b38 method=java.util.regex.Matcher.match(II)Z @ 121 c2
Event: 20.438 Thread 0x000001e263fdc800 Uncommon trap: reason=class_check action=maybe_recompile pc=0x000001e249078b38 method=java.util.regex.Matcher.match(II)Z @ 121 c2
Event: 20.625 Thread 0x000001e263fdc800 Uncommon trap: reason=unstable_if action=reinterpret pc=0x000001e2490d022c method=java.util.regex.Matcher.reset()Ljava/util/regex/Matcher; @ 71 c2
Event: 20.625 Thread 0x000001e263fdc800 Uncommon trap: reason=unstable_if action=reinterpret pc=0x000001e249078b8c method=java.util.regex.Matcher.match(II)Z @ 76 c2
Event: 20.994 Thread 0x000001e263fdc800 Uncommon trap: reason=unstable_if action=reinterpret pc=0x000001e24907be70 method=java.io.WinNTFileSystem.resolve(Ljava/lang/String;Ljava/lang/String;)Ljava/lang/String; @ 19 c2
Event: 20.995 Thread 0x000001e263fdc800 Uncommon trap: reason=bimorphic_or_optimized_type_check action=maybe_recompile pc=0x000001e2490dd6a4 method=java.util.AbstractList$Itr.hasNext()Z @ 8 c2
Event: 20.995 Thread 0x000001e263fdc800 Uncommon trap: reason=bimorphic_or_optimized_type_check action=maybe_recompile pc=0x000001e2490dda44 method=java.util.AbstractList$Itr.next()Ljava/lang/Object; @ 14 c2
Event: 20.997 Thread 0x000001e263fdc800 Uncommon trap: reason=unstable_if action=reinterpret pc=0x000001e2490d5000 method=java.io.File.getName()Ljava/lang/String; @ 16 c2
Event: 20.997 Thread 0x000001e263fdc800 Uncommon trap: reason=unstable_if action=reinterpret pc=0x000001e2490d3f14 method=java.lang.String.substring(I)Ljava/lang/String; @ 34 c2

Classes redefined (0 events):
No events

Internal exceptions (10 events):
Event: 19.939 Thread 0x000001e263fdc800 Exception <a 'java/lang/NoSuchMethodError'{0x000000068381d7a0}: java.lang.invoke.DelegatingMethodHandle$Holder.reinvoke_L(Ljava/lang/Object;Ljava/lang/Object;Ljava/lang/Object;Ljava/lang/Object;Ljava/lang/Object;Ljava/lang/Object;Ljava/lang/Object;)V> (0x
Event: 20.385 Thread 0x000001e263fdc800 Exception <a 'java/lang/NoSuchMethodError'{0x0000000687b6e778}: java.lang.invoke.DirectMethodHandle$Holder.invokeStaticInit(Ljava/lang/Object;)V> (0x0000000687b6e778) thrown at [./open/src/hotspot/share/interpreter/linkResolver.cpp, line 772]
Event: 20.451 Thread 0x000001e263fdc800 Exception <a 'java/lang/NoSuchMethodError'{0x0000000687a2bcb0}: java.lang.invoke.DirectMethodHandle$Holder.invokeStatic(Ljava/lang/Object;Ljava/lang/Object;Ljava/lang/Object;I)Ljava/lang/Object;> (0x0000000687a2bcb0) thrown at [./open/src/hotspot/share/in
Event: 20.452 Thread 0x000001e263fdc800 Exception <a 'java/lang/NoSuchMethodError'{0x0000000687a2fe78}: java.lang.invoke.DirectMethodHandle$Holder.invokeSpecial(Ljava/lang/Object;Ljava/lang/Object;Ljava/lang/Object;Ljava/lang/Object;I)Ljava/lang/Object;> (0x0000000687a2fe78) thrown at [./open/s
Event: 20.452 Thread 0x000001e263fdc800 Exception <a 'java/lang/NoSuchMethodError'{0x0000000687a33858}: java.lang.invoke.Invokers$Holder.linkToTargetMethod(Ljava/lang/Object;Ljava/lang/Object;ILjava/lang/Object;)Ljava/lang/Object;> (0x0000000687a33858) thrown at [./open/src/hotspot/share/interp
Event: 21.071 Thread 0x000001e263fdc800 Exception <a 'java/lang/NoSuchMethodError'{0x0000000687b743d0}: java.lang.invoke.Invokers$Holder.linkToTargetMethod(Ljava/lang/Object;Ljava/lang/Object;Ljava/lang/Object;Ljava/lang/Object;Ljava/lang/Object;Ljava/lang/Object;)Ljava/lang/Object;> (0x0000000
Event: 21.322 Thread 0x000001e263b1e800 Exception <a 'java/lang/NoSuchMethodError'{0x0000000687d791a8}: static Lorg/gradle/internal/build/event/types/DefaultOperationStartedProgressEvent;.<clinit>()V> (0x0000000687d791a8) thrown at [./open/src/hotspot/share/prims/jni.cpp, line 1366]
Event: 21.323 Thread 0x000001e263b1e800 Exception <a 'java/lang/NoSuchMethodError'{0x0000000687d7a920}: static Lorg/gradle/internal/build/event/types/AbstractProgressEvent;.<clinit>()V> (0x0000000687d7a920) thrown at [./open/src/hotspot/share/prims/jni.cpp, line 1366]
Event: 21.326 Thread 0x000001e263b1e800 Exception <a 'java/lang/NoSuchMethodError'{0x0000000687203cb8}: static Lorg/gradle/internal/build/event/types/DefaultOperationDescriptor;.<clinit>()V> (0x0000000687203cb8) thrown at [./open/src/hotspot/share/prims/jni.cpp, line 1366]
Event: 21.331 Thread 0x000001e263b1e800 Exception <a 'java/lang/NoSuchMethodError'{0x00000006872168d8}: static Lorg/gradle/internal/operations/OperationIdentifier;.<clinit>()V> (0x00000006872168d8) thrown at [./open/src/hotspot/share/prims/jni.cpp, line 1366]

Events (10 events):
Event: 21.515 loading class org/gradle/internal/operations/OperationProgressEvent
Event: 21.515 loading class org/gradle/internal/operations/OperationProgressEvent done
Event: 21.516 loading class org/gradle/api/internal/tasks/testing/operations/TestListenerBuildOperationAdapter$OutputProgress
Event: 21.516 loading class org/gradle/api/internal/tasks/testing/operations/TestListenerBuildOperationAdapter$OutputProgress done
Event: 21.517 loading class org/gradle/api/internal/tasks/testing/operations/ExecuteTestBuildOperationType$Output
Event: 21.517 loading class org/gradle/api/internal/tasks/testing/operations/ExecuteTestBuildOperationType$Output done
Event: 21.518 loading class org/gradle/internal/operations/notify/BuildOperationNotificationBridge$Progress
Event: 21.518 loading class org/gradle/internal/operations/notify/BuildOperationNotificationBridge$Progress done
Event: 21.526 loading class org/gradle/api/internal/changedetection/state/FileHasherStatistics
Event: 21.526 loading class org/gradle/api/internal/changedetection/state/FileHasherStatistics done


Dynamic libraries:
0x00007ff796ba0000 - 0x00007ff796bb0000 	C:\Program Files\Java\jdk-11\bin\java.exe
0x00007ffa620b0000 - 0x00007ffa622c6000 	C:\WINDOWS\SYSTEM32\ntdll.dll
0x00007ffa61190000 - 0x00007ffa61254000 	C:\WINDOWS\System32\KERNEL32.DLL
0x00007ffa5f520000 - 0x00007ffa5f8c7000 	C:\WINDOWS\System32\KERNELBASE.dll
0x00007ffa5f8d0000 - 0x00007ffa5f9e1000 	C:\WINDOWS\System32\ucrtbase.dll
0x00007ffa48de0000 - 0x00007ffa48df9000 	C:\Program Files\Java\jdk-11\bin\jli.dll
0x00007ffa61f00000 - 0x00007ffa61fb2000 	C:\WINDOWS\System32\ADVAPI32.dll
0x00007ffa61d70000 - 0x00007ffa61e17000 	C:\WINDOWS\System32\msvcrt.dll
0x00007ffa61e20000 - 0x00007ffa61ec8000 	C:\WINDOWS\System32\sechost.dll
0x00007ffa5fb00000 - 0x00007ffa5fb28000 	C:\WINDOWS\System32\bcrypt.dll
0x00007ffa61ac0000 - 0x00007ffa61bd5000 	C:\WINDOWS\System32\RPCRT4.dll
0x00007ffa601e0000 - 0x00007ffa6038e000 	C:\WINDOWS\System32\USER32.dll
0x00007ffa5f3d0000 - 0x00007ffa5f3f6000 	C:\WINDOWS\System32\win32u.dll
0x00007ffa60f90000 - 0x00007ffa60fb9000 	C:\WINDOWS\System32\GDI32.dll
0x00007ffa5f400000 - 0x00007ffa5f519000 	C:\WINDOWS\System32\gdi32full.dll
0x00007ffa5f9f0000 - 0x00007ffa5fa8a000 	C:\WINDOWS\System32\msvcp_win.dll
0x00007ffa48dc0000 - 0x00007ffa48ddb000 	C:\Program Files\Java\jdk-11\bin\VCRUNTIME140.dll
0x00007ffa47e50000 - 0x00007ffa480e3000 	C:\WINDOWS\WinSxS\amd64_microsoft.windows.common-controls_6595b64144ccf1df_6.0.22621.3235_none_270f74e173860f98\COMCTL32.dll
0x00007ffa4c5c0000 - 0x00007ffa4c5ca000 	C:\WINDOWS\SYSTEM32\VERSION.dll
0x00007ffa609c0000 - 0x00007ffa609f1000 	C:\WINDOWS\System32\IMM32.DLL
0x00007ffa57240000 - 0x00007ffa5724c000 	C:\Program Files\Java\jdk-11\bin\vcruntime140_1.dll
0x00007ffa46260000 - 0x00007ffa462ee000 	C:\Program Files\Java\jdk-11\bin\msvcp140.dll
0x00007ff9e8cb0000 - 0x00007ff9e981d000 	C:\Program Files\Java\jdk-11\bin\server\jvm.dll
0x00007ffa5fde0000 - 0x00007ffa5fde8000 	C:\WINDOWS\System32\PSAPI.DLL
0x00007ffa56d00000 - 0x00007ffa56d09000 	C:\WINDOWS\SYSTEM32\WSOCK32.dll
0x00007ffa5fdf0000 - 0x00007ffa5fe61000 	C:\WINDOWS\System32\WS2_32.dll
0x00007ffa48910000 - 0x00007ffa48944000 	C:\WINDOWS\SYSTEM32\WINMM.dll
0x00007ffa5e3d0000 - 0x00007ffa5e3e8000 	C:\WINDOWS\SYSTEM32\kernel.appcore.dll
0x00007ffa48db0000 - 0x00007ffa48dc0000 	C:\Program Files\Java\jdk-11\bin\verify.dll
0x00007ffa5cd00000 - 0x00007ffa5cf33000 	C:\WINDOWS\SYSTEM32\DBGHELP.DLL
0x00007ffa60a00000 - 0x00007ffa60d88000 	C:\WINDOWS\System32\combase.dll
0x00007ffa60fc0000 - 0x00007ffa61097000 	C:\WINDOWS\System32\OLEAUT32.dll
0x00007ffa4b360000 - 0x00007ffa4b392000 	C:\WINDOWS\SYSTEM32\dbgcore.DLL
0x00007ffa5fb30000 - 0x00007ffa5fba9000 	C:\WINDOWS\System32\bcryptPrimitives.dll
0x00007ffa46bd0000 - 0x00007ffa46bf8000 	C:\Program Files\Java\jdk-11\bin\java.dll
0x00007ffa48da0000 - 0x00007ffa48daa000 	C:\Program Files\Java\jdk-11\bin\jimage.dll
0x00007ffa46bb0000 - 0x00007ffa46bc7000 	C:\Program Files\Java\jdk-11\bin\zip.dll
0x00007ffa61260000 - 0x00007ffa61abc000 	C:\WINDOWS\System32\SHELL32.dll
0x00007ffa5d2e0000 - 0x00007ffa5dbd9000 	C:\WINDOWS\SYSTEM32\windows.storage.dll
0x00007ffa5d1a0000 - 0x00007ffa5d2de000 	C:\WINDOWS\SYSTEM32\wintypes.dll
0x00007ffa5fe70000 - 0x00007ffa5ff63000 	C:\WINDOWS\System32\SHCORE.dll
0x00007ffa61fc0000 - 0x00007ffa6201e000 	C:\WINDOWS\System32\shlwapi.dll
0x00007ffa5f300000 - 0x00007ffa5f321000 	C:\WINDOWS\SYSTEM32\profapi.dll
0x00007ffa46b90000 - 0x00007ffa46ba9000 	C:\Program Files\Java\jdk-11\bin\net.dll
0x00007ffa54d00000 - 0x00007ffa54e36000 	C:\WINDOWS\SYSTEM32\WINHTTP.dll
0x00007ffa5e830000 - 0x00007ffa5e899000 	C:\WINDOWS\system32\mswsock.dll
0x00007ffa46240000 - 0x00007ffa46252000 	C:\Program Files\Java\jdk-11\bin\nio.dll
0x00007ffa46210000 - 0x00007ffa46237000 	C:\Users\HP Notebook\.gradle\native\e1d6ef7f7dcc3fd88c89a11ec53ec762bb8ba0a96d01ffa2cd45eb1d1d8dd5c5\windows-amd64\native-platform.dll
0x00007ffa46070000 - 0x00007ffa461b4000 	C:\Users\HP Notebook\.gradle\native\0d407fdbe67a94daf76414ababcb853783967236a71b16ec16e742cd7a986fd3\windows-amd64\native-platform-file-events.dll
0x00007ffa468a0000 - 0x00007ffa468a9000 	C:\Program Files\Java\jdk-11\bin\management.dll
0x00007ffa46200000 - 0x00007ffa4620b000 	C:\Program Files\Java\jdk-11\bin\management_ext.dll
0x00007ffa5eb80000 - 0x00007ffa5eb9b000 	C:\WINDOWS\SYSTEM32\CRYPTSP.dll
0x00007ffa5e330000 - 0x00007ffa5e365000 	C:\WINDOWS\system32\rsaenh.dll
0x00007ffa5e8d0000 - 0x00007ffa5e8f8000 	C:\WINDOWS\SYSTEM32\USERENV.dll
0x00007ffa5eb60000 - 0x00007ffa5eb6c000 	C:\WINDOWS\SYSTEM32\CRYPTBASE.dll
0x00007ffa5de30000 - 0x00007ffa5de5d000 	C:\WINDOWS\SYSTEM32\IPHLPAPI.DLL
0x00007ffa60f00000 - 0x00007ffa60f09000 	C:\WINDOWS\System32\NSI.dll
0x00007ffa53a90000 - 0x00007ffa53aa9000 	C:\WINDOWS\SYSTEM32\dhcpcsvc6.DLL
0x00007ffa53a70000 - 0x00007ffa53a8f000 	C:\WINDOWS\SYSTEM32\dhcpcsvc.DLL
0x00007ffa5de60000 - 0x00007ffa5df59000 	C:\WINDOWS\SYSTEM32\DNSAPI.dll

dbghelp: loaded successfully - version: 4.0.5 - missing functions: none
symbol engine: initialized successfully - sym options: 0x614 - pdb path: .;C:\Program Files\Java\jdk-11\bin;C:\WINDOWS\SYSTEM32;C:\WINDOWS\WinSxS\amd64_microsoft.windows.common-controls_6595b64144ccf1df_6.0.22621.3235_none_270f74e173860f98;C:\Program Files\Java\jdk-11\bin\server;C:\Users\HP Notebook\.gradle\native\e1d6ef7f7dcc3fd88c89a11ec53ec762bb8ba0a96d01ffa2cd45eb1d1d8dd5c5\windows-amd64;C:\Users\HP Notebook\.gradle\native\0d407fdbe67a94daf76414ababcb853783967236a71b16ec16e742cd7a986fd3\windows-amd64

VM Arguments:
jvm_args: --add-opens=java.base/java.util=ALL-UNNAMED --add-opens=java.base/java.lang=ALL-UNNAMED --add-opens=java.base/java.lang.invoke=ALL-UNNAMED --add-opens=java.base/java.util=ALL-UNNAMED --add-opens=java.prefs/java.util.prefs=ALL-UNNAMED --add-opens=java.prefs/java.util.prefs=ALL-UNNAMED --add-opens=java.base/java.nio.charset=ALL-UNNAMED --add-opens=java.base/java.net=ALL-UNNAMED --add-opens=java.base/java.util.concurrent.atomic=ALL-UNNAMED -Xmx6g -Dfile.encoding=utf8 -Duser.country=US -Duser.language=en -Duser.variant 
java_command: org.gradle.launcher.daemon.bootstrap.GradleDaemon 7.5.1
java_class_path (initial): C:\Users\HP Notebook\.gradle\wrapper\dists\gradle-7.5.1-all\1ehga6e77gqps5uk2kc5kf1vc\gradle-7.5.1\lib\gradle-launcher-7.5.1.jar
Launcher Type: SUN_STANDARD

[Global flags]
     intx CICompilerCount                          = 4                                         {product} {ergonomic}
     uint ConcGCThreads                            = 2                                         {product} {ergonomic}
     uint G1ConcRefinementThreads                  = 8                                         {product} {ergonomic}
   size_t G1HeapRegionSize                         = 1048576                                   {product} {ergonomic}
    uintx GCDrainStackTargetSize                   = 64                                        {product} {ergonomic}
   size_t InitialHeapSize                          = 132120576                                 {product} {ergonomic}
   size_t MarkStackSize                            = 4194304                                   {product} {ergonomic}
   size_t MaxHeapSize                              = 6442450944                                {product} {command line}
   size_t MaxNewSize                               = 3865051136                                {product} {ergonomic}
   size_t MinHeapDeltaBytes                        = 1048576                                   {product} {ergonomic}
    uintx NonNMethodCodeHeapSize                   = 5836300                                {pd product} {ergonomic}
    uintx NonProfiledCodeHeapSize                  = 122910970                              {pd product} {ergonomic}
    uintx ProfiledCodeHeapSize                     = 122910970                              {pd product} {ergonomic}
    uintx ReservedCodeCacheSize                    = 251658240                              {pd product} {ergonomic}
     bool SegmentedCodeCache                       = true                                      {product} {ergonomic}
     bool UseCompressedClassPointers               = true                                 {lp64_product} {ergonomic}
     bool UseCompressedOops                        = true                                 {lp64_product} {ergonomic}
     bool UseG1GC                                  = true                                      {product} {ergonomic}
     bool UseLargePagesIndividualAllocation        = false                                  {pd product} {ergonomic}

Logging:
Log output configuration:
 #0: stdout all=warning uptime,level,tags
 #1: stderr all=off uptime,level,tags

Environment Variables:
JAVA_HOME=C:\Program Files\Java\jdk-11
PATH=C:\Program Files\Common Files\Oracle\Java\javapath;C:\Program Files\Python312\Scripts\;C:\Program Files\Python312\;C:\Python311\Scripts\;C:\Python311\;D:\RSCommon;C:\Program Files (x86)\VMware\VMware Workstation\bin\;C:\WINDOWS\system32;C:\WINDOWS;C:\WINDOWS\System32\Wbem;C:\WINDOWS\System32\WindowsPowerShell\v1.0\;C:\WINDOWS\System32\OpenSSH\;D:\xampp-latest\php;C:\composer;C:\Program Files\PuTTY\;C:\Program Files\Docker\Docker\resources\bin;C:\ProgramData\chocolatey\bin;C:\Program Files\MongoDB\Server\7.0\bin;C:\Program Files\MongoDB\Tools\100\bin;C:\Program Files\nodejs\;C:\Program Files\Git\cmd;C:\Program Files\Java\jdk-11\bin;;C:\Program Files\Wondershare\Wondershare DemoCreator;C:\Python311\Scripts\;C:\Python311\;D:\RSCommon;C:\Program Files (x86)\VMware\VMware Workstation\bin\;C:\WINDOWS\system32;C:\WINDOWS;C:\WINDOWS\System32\Wbem;C:\WINDOWS\System32\WindowsPowerShell\v1.0\;C:\WINDOWS\System32\OpenSSH\;C:\Program Files\Git\cmd;D:\xampp-latest\php;C:\composer;C:\Program Files (x86)\PuTTY\;C:\Program Files\PuTTY\;C:\Program Files\Docker\Docker\resources\bin;C:\ProgramData\chocolatey\bin;C:\Program Files\nodejs\;C:\Program Files\MongoDB\Server\3.4\bin;C:\Users\HP Notebook\AppData\Local\Programs\Microsoft VS Code\bin;C:\Users\HP Notebook\composer;C:\Users\HP Notebook\AppData\Roaming\Composer\vendor\bin;D:\PyCharm 2023.1.1\bin;c:\wp-cli;C:\Users\HP Notebook\AppData\Local\Android\Sdk\platform-tools;C:\Users\HP Notebook\AppData\Local\Microsoft\WindowsApps;C:\Users\HP Notebook\AppData\Local\Programs\mongosh\;C:\Program Files\MongoDB\Tools\100\bin;C:\Users\HP Notebook\AppData\Roaming\npm;
USERNAME=HP Notebook
OS=Windows_NT
PROCESSOR_IDENTIFIER=Intel64 Family 6 Model 142 Stepping 10, GenuineIntel



---------------  S Y S T E M  ---------------

OS: Windows 11 , 64 bit Build 22621 (10.0.22621.3374)
Hyper-V role detected

CPU:total 8 (initial active 8) (4 cores per cpu, 2 threads per core) family 6 model 142 stepping 10 microcode 0xf4, cmov, cx8, fxsr, mmx, sse, sse2, sse3, ssse3, sse4.1, sse4.2, popcnt, avx, avx2, aes, clmul, erms, rtm, 3dnowpref, lzcnt, ht, tsc, tscinvbit, bmi1, bmi2, adx, fma

Memory: 4k page, system-wide physical 8035M (440M free)
TotalPageFile size 16635M (AvailPageFile size 1M)
current process WorkingSet (physical memory assigned to process): 182M, peak: 182M
current process commit charge ("private bytes"): 254M, peak: 260M

vm_info: Java HotSpot(TM) 64-Bit Server VM (11.0.20+9-LTS-256) for windows-amd64 JRE (11.0.20+9-LTS-256), built on Jun 14 2023 10:34:22 by "mach5one" with MS VC++ 17.1 (VS2022)

END.
